<?xml version="1.0" encoding="UTF-8"?>
<testng-results ignored="0" total="0" passed="0" failed="0" skipped="0">
  <reporter-output>
  </reporter-output>
  <suite started-at="2024-05-30T03:22:14 IST" name="All Test Suite" finished-at="2024-05-30T03:22:14 IST" duration-ms="17">
    <groups>
    </groups>
    <test started-at="2024-05-30T03:22:14 IST" name="/Users/91989/Downloads/jollyautomation - Copy-20240426T180954Z-001/jollyautomation - Copy" finished-at="2024-05-30T03:22:14 IST" duration-ms="17">
    </test> <!-- /Users/91989/Downloads/jollyautomation - Copy-20240426T180954Z-001/jollyautomation - Copy -->
  </suite> <!-- All Test Suite -->
  <suite started-at="2024-05-30T03:22:14 IST" name="All Test Suite (0)" finished-at="2024-05-30T03:22:14 IST" duration-ms="0">
    <groups>
    </groups>
    <test started-at="2024-05-30T03:22:14 IST" name="/Users/91989/Downloads/jollyautomation - Copy-20240426T180954Z-001/jollyautomation - Copy" finished-at="2024-05-30T03:22:14 IST" duration-ms="0">
    </test> <!-- /Users/91989/Downloads/jollyautomation - Copy-20240426T180954Z-001/jollyautomation - Copy -->
  </suite> <!-- All Test Suite (0) -->
</testng-results>
